<?xml version="1.0" encoding="UTF-8"?>
<testsuite name="com.example.petstore.controller.PetControllerTest" tests="4" skipped="0" failures="0" errors="0" timestamp="2025-03-24T07:03:24" hostname="MSI" time="0.698">
  <properties/>
  <testcase name="testGetAllPets()" classname="com.example.petstore.controller.PetControllerTest" time="0.559"/>
  <testcase name="testGetPetById()" classname="com.example.petstore.controller.PetControllerTest" time="0.048"/>
  <testcase name="testDeletePet()" classname="com.example.petstore.controller.PetControllerTest" time="0.05"/>
  <testcase name="testAddPet()" classname="com.example.petstore.controller.PetControllerTest" time="0.039"/>
  <system-out><![CDATA[2025-03-24T14:03:24.529+07:00  INFO 17536 --- [petstore-test] [    Test worker] t.c.s.AnnotationConfigContextLoaderUtils : Could not detect default configuration classes for test class [com.example.petstore.controller.PetControllerTest]: PetControllerTest does not declare any static, non-private, non-final, nested classes annotated with @Configuration.
2025-03-24T14:03:24.541+07:00  INFO 17536 --- [petstore-test] [    Test worker] .b.t.c.SpringBootTestContextBootstrapper : Found @SpringBootConfiguration com.example.petstore.PetstoreApplication for test class com.example.petstore.controller.PetControllerTest
2025-03-24T14:03:24.746+07:00  INFO 17536 --- [petstore-test] [o-auto-1-exec-1] o.a.c.c.C.[Tomcat].[localhost].[/]       : Initializing Spring DispatcherServlet 'dispatcherServlet'
2025-03-24T14:03:24.747+07:00  INFO 17536 --- [petstore-test] [o-auto-1-exec-1] o.s.web.servlet.DispatcherServlet        : Initializing Servlet 'dispatcherServlet'
2025-03-24T14:03:24.748+07:00  INFO 17536 --- [petstore-test] [o-auto-1-exec-1] o.s.web.servlet.DispatcherServlet        : Completed initialization in 1 ms
]]></system-out>
  <system-err><![CDATA[]]></system-err>
</testsuite>
